Connecting to database specified by database.yml
Connecting to database specified by database.yml
Connecting to database specified by database.yml
Connecting to database specified by database.yml
Connecting to database specified by database.yml
Connecting to database specified by database.yml


Started HEAD "/" for 127.0.0.1 at 2013-06-03 20:42:17 -0500
Processing by GasStationsController#index as HTML
Completed 500 Internal Server Error in 95ms

ActiveRecord::StatementInvalid (Could not find table 'gas_stations'):
  app/controllers/gas_stations_controller.rb:8:in `index'


  Rendered /Users/lguaperrimo/.rvm/gems/ruby-1.9.2-p290/gems/actionpack-3.2.8/lib/action_dispatch/middleware/templates/rescues/_trace.erb (1.3ms)
  Rendered /Users/lguaperrimo/.rvm/gems/ruby-1.9.2-p290/gems/actionpack-3.2.8/lib/action_dispatch/middleware/templates/rescues/_request_and_response.erb (1.2ms)
  Rendered /Users/lguaperrimo/.rvm/gems/ruby-1.9.2-p290/gems/actionpack-3.2.8/lib/action_dispatch/middleware/templates/rescues/diagnostics.erb within rescues/layout (25.4ms)


Started HEAD "/" for 127.0.0.1 at 2013-06-03 20:42:20 -0500
Processing by GasStationsController#index as HTML
Completed 500 Internal Server Error in 1ms

ActiveRecord::StatementInvalid (Could not find table 'gas_stations'):
  app/controllers/gas_stations_controller.rb:8:in `index'


  Rendered /Users/lguaperrimo/.rvm/gems/ruby-1.9.2-p290/gems/actionpack-3.2.8/lib/action_dispatch/middleware/templates/rescues/_trace.erb (1.0ms)
  Rendered /Users/lguaperrimo/.rvm/gems/ruby-1.9.2-p290/gems/actionpack-3.2.8/lib/action_dispatch/middleware/templates/rescues/_request_and_response.erb (0.8ms)
  Rendered /Users/lguaperrimo/.rvm/gems/ruby-1.9.2-p290/gems/actionpack-3.2.8/lib/action_dispatch/middleware/templates/rescues/diagnostics.erb within rescues/layout (7.1ms)


Started GET "/" for 127.0.0.1 at 2013-06-03 20:42:54 -0500
Processing by GasStationsController#index as HTML
Completed 500 Internal Server Error in 1ms

ActiveRecord::StatementInvalid (Could not find table 'gas_stations'):
  app/controllers/gas_stations_controller.rb:8:in `index'


  Rendered /Users/lguaperrimo/.rvm/gems/ruby-1.9.2-p290/gems/actionpack-3.2.8/lib/action_dispatch/middleware/templates/rescues/_trace.erb (1.0ms)
  Rendered /Users/lguaperrimo/.rvm/gems/ruby-1.9.2-p290/gems/actionpack-3.2.8/lib/action_dispatch/middleware/templates/rescues/_request_and_response.erb (0.8ms)
  Rendered /Users/lguaperrimo/.rvm/gems/ruby-1.9.2-p290/gems/actionpack-3.2.8/lib/action_dispatch/middleware/templates/rescues/diagnostics.erb within rescues/layout (6.8ms)


Started GET "/gas_stations" for 127.0.0.1 at 2013-06-03 20:43:05 -0500
Processing by GasStationsController#index as HTML
Completed 500 Internal Server Error in 1ms

ActiveRecord::StatementInvalid (Could not find table 'gas_stations'):
  app/controllers/gas_stations_controller.rb:8:in `index'


  Rendered /Users/lguaperrimo/.rvm/gems/ruby-1.9.2-p290/gems/actionpack-3.2.8/lib/action_dispatch/middleware/templates/rescues/_trace.erb (1.5ms)
  Rendered /Users/lguaperrimo/.rvm/gems/ruby-1.9.2-p290/gems/actionpack-3.2.8/lib/action_dispatch/middleware/templates/rescues/_request_and_response.erb (0.9ms)
  Rendered /Users/lguaperrimo/.rvm/gems/ruby-1.9.2-p290/gems/actionpack-3.2.8/lib/action_dispatch/middleware/templates/rescues/diagnostics.erb within rescues/layout (7.6ms)


Started GET "/gas_station" for 127.0.0.1 at 2013-06-03 20:43:15 -0500

ActionController::RoutingError (No route matches [GET] "/gas_station"):
  actionpack (3.2.8) lib/action_dispatch/middleware/debug_exceptions.rb:21:in `call'
  actionpack (3.2.8) lib/action_dispatch/middleware/show_exceptions.rb:56:in `call'
  railties (3.2.8) lib/rails/rack/logger.rb:26:in `call_app'
  railties (3.2.8) lib/rails/rack/logger.rb:16:in `call'
  actionpack (3.2.8) lib/action_dispatch/middleware/request_id.rb:22:in `call'
  rack (1.4.5) lib/rack/methodoverride.rb:21:in `call'
  rack (1.4.5) lib/rack/runtime.rb:17:in `call'
  activesupport (3.2.8) lib/active_support/cache/strategy/local_cache.rb:72:in `call'
  rack (1.4.5) lib/rack/lock.rb:15:in `call'
  actionpack (3.2.8) lib/action_dispatch/middleware/static.rb:62:in `call'
  railties (3.2.8) lib/rails/engine.rb:479:in `call'
  railties (3.2.8) lib/rails/application.rb:223:in `call'
  railties (3.2.8) lib/rails/railtie/configurable.rb:30:in `method_missing'
  /Users/lguaperrimo/Library/Application Support/Pow/Versions/0.4.1/node_modules/nack/lib/nack/server.rb:145:in `handle'
  /Users/lguaperrimo/Library/Application Support/Pow/Versions/0.4.1/node_modules/nack/lib/nack/server.rb:99:in `rescue in block (2 levels) in start'
  /Users/lguaperrimo/Library/Application Support/Pow/Versions/0.4.1/node_modules/nack/lib/nack/server.rb:96:in `block (2 levels) in start'
  /Users/lguaperrimo/Library/Application Support/Pow/Versions/0.4.1/node_modules/nack/lib/nack/server.rb:86:in `each'
  /Users/lguaperrimo/Library/Application Support/Pow/Versions/0.4.1/node_modules/nack/lib/nack/server.rb:86:in `block in start'
  /Users/lguaperrimo/Library/Application Support/Pow/Versions/0.4.1/node_modules/nack/lib/nack/server.rb:66:in `loop'
  /Users/lguaperrimo/Library/Application Support/Pow/Versions/0.4.1/node_modules/nack/lib/nack/server.rb:66:in `start'
  /Users/lguaperrimo/Library/Application Support/Pow/Versions/0.4.1/node_modules/nack/lib/nack/server.rb:13:in `run'
  /Users/lguaperrimo/Library/Application Support/Pow/Versions/0.4.1/node_modules/nack/bin/nack_worker:4:in `<main>'


  Rendered /Users/lguaperrimo/.rvm/gems/ruby-1.9.2-p290/gems/actionpack-3.2.8/lib/action_dispatch/middleware/templates/rescues/routing_error.erb within rescues/layout (0.5ms)


Started GET "/users/" for 127.0.0.1 at 2013-06-03 20:43:24 -0500

ActionController::RoutingError (No route matches [GET] "/users"):
  actionpack (3.2.8) lib/action_dispatch/middleware/debug_exceptions.rb:21:in `call'
  actionpack (3.2.8) lib/action_dispatch/middleware/show_exceptions.rb:56:in `call'
  railties (3.2.8) lib/rails/rack/logger.rb:26:in `call_app'
  railties (3.2.8) lib/rails/rack/logger.rb:16:in `call'
  actionpack (3.2.8) lib/action_dispatch/middleware/request_id.rb:22:in `call'
  rack (1.4.5) lib/rack/methodoverride.rb:21:in `call'
  rack (1.4.5) lib/rack/runtime.rb:17:in `call'
  activesupport (3.2.8) lib/active_support/cache/strategy/local_cache.rb:72:in `call'
  rack (1.4.5) lib/rack/lock.rb:15:in `call'
  actionpack (3.2.8) lib/action_dispatch/middleware/static.rb:62:in `call'
  railties (3.2.8) lib/rails/engine.rb:479:in `call'
  railties (3.2.8) lib/rails/application.rb:223:in `call'
  railties (3.2.8) lib/rails/railtie/configurable.rb:30:in `method_missing'
  /Users/lguaperrimo/Library/Application Support/Pow/Versions/0.4.1/node_modules/nack/lib/nack/server.rb:145:in `handle'
  /Users/lguaperrimo/Library/Application Support/Pow/Versions/0.4.1/node_modules/nack/lib/nack/server.rb:99:in `rescue in block (2 levels) in start'
  /Users/lguaperrimo/Library/Application Support/Pow/Versions/0.4.1/node_modules/nack/lib/nack/server.rb:96:in `block (2 levels) in start'
  /Users/lguaperrimo/Library/Application Support/Pow/Versions/0.4.1/node_modules/nack/lib/nack/server.rb:86:in `each'
  /Users/lguaperrimo/Library/Application Support/Pow/Versions/0.4.1/node_modules/nack/lib/nack/server.rb:86:in `block in start'
  /Users/lguaperrimo/Library/Application Support/Pow/Versions/0.4.1/node_modules/nack/lib/nack/server.rb:66:in `loop'
  /Users/lguaperrimo/Library/Application Support/Pow/Versions/0.4.1/node_modules/nack/lib/nack/server.rb:66:in `start'
  /Users/lguaperrimo/Library/Application Support/Pow/Versions/0.4.1/node_modules/nack/lib/nack/server.rb:13:in `run'
  /Users/lguaperrimo/Library/Application Support/Pow/Versions/0.4.1/node_modules/nack/bin/nack_worker:4:in `<main>'


  Rendered /Users/lguaperrimo/.rvm/gems/ruby-1.9.2-p290/gems/actionpack-3.2.8/lib/action_dispatch/middleware/templates/rescues/routing_error.erb within rescues/layout (0.5ms)


Started GET "/features" for 127.0.0.1 at 2013-06-03 20:43:31 -0500
Processing by FeaturesController#index as HTML
Completed 401 Unauthorized in 23ms


Started GET "/users/sign_in" for 127.0.0.1 at 2013-06-03 20:43:31 -0500
Processing by Devise::SessionsController#new as HTML
Completed 500 Internal Server Error in 1ms

ActiveRecord::StatementInvalid (Could not find table 'users'):
  activerecord (3.2.8) lib/active_record/connection_adapters/sqlite_adapter.rb:472:in `table_structure'
  activerecord (3.2.8) lib/active_record/connection_adapters/sqlite_adapter.rb:346:in `columns'
  activerecord (3.2.8) lib/active_record/connection_adapters/schema_cache.rb:12:in `block in initialize'
  activerecord (3.2.8) lib/active_record/model_schema.rb:228:in `yield'
  activerecord (3.2.8) lib/active_record/model_schema.rb:228:in `default'
  activerecord (3.2.8) lib/active_record/model_schema.rb:228:in `columns'
  activerecord (3.2.8) lib/active_record/model_schema.rb:243:in `column_defaults'
  activerecord (3.2.8) lib/active_record/base.rb:482:in `initialize'
  devise (2.2.3) app/controllers/devise_controller.rb:102:in `new'
  devise (2.2.3) app/controllers/devise_controller.rb:102:in `build_resource'
  devise (2.2.3) app/controllers/devise/sessions_controller.rb:8:in `new'
  actionpack (3.2.8) lib/action_controller/metal/implicit_render.rb:4:in `send_action'
  actionpack (3.2.8) lib/abstract_controller/base.rb:167:in `process_action'
  actionpack (3.2.8) lib/action_controller/metal/rendering.rb:10:in `process_action'
  actionpack (3.2.8) lib/abstract_controller/callbacks.rb:18:in `block in process_action'
  activesupport (3.2.8) lib/active_support/callbacks.rb:447:in `_run__737369407659782157__process_action__4058492150748235314__callbacks'
  activesupport (3.2.8) lib/active_support/callbacks.rb:405:in `__run_callback'
  activesupport (3.2.8) lib/active_support/callbacks.rb:385:in `_run_process_action_callbacks'
  activesupport (3.2.8) lib/active_support/callbacks.rb:81:in `run_callbacks'
  actionpack (3.2.8) lib/abstract_controller/callbacks.rb:17:in `process_action'
  actionpack (3.2.8) lib/action_controller/metal/rescue.rb:29:in `process_action'
  actionpack (3.2.8) lib/action_controller/metal/instrumentation.rb:30:in `block in process_action'
  activesupport (3.2.8) lib/active_support/notifications.rb:123:in `block in instrument'
  activesupport (3.2.8) lib/active_support/notifications/instrumenter.rb:20:in `instrument'
  activesupport (3.2.8) lib/active_support/notifications.rb:123:in `instrument'
  actionpack (3.2.8) lib/action_controller/metal/instrumentation.rb:29:in `process_action'
  actionpack (3.2.8) lib/action_controller/metal/params_wrapper.rb:207:in `process_action'
  activerecord (3.2.8) lib/active_record/railties/controller_runtime.rb:18:in `process_action'
  actionpack (3.2.8) lib/abstract_controller/base.rb:121:in `process'
  actionpack (3.2.8) lib/abstract_controller/rendering.rb:45:in `process'
  actionpack (3.2.8) lib/action_controller/metal.rb:203:in `dispatch'
  actionpack (3.2.8) lib/action_controller/metal/rack_delegation.rb:14:in `dispatch'
  actionpack (3.2.8) lib/action_controller/metal.rb:246:in `block in action'
  actionpack (3.2.8) lib/action_dispatch/routing/route_set.rb:73:in `call'
  actionpack (3.2.8) lib/action_dispatch/routing/route_set.rb:73:in `dispatch'
  actionpack (3.2.8) lib/action_dispatch/routing/route_set.rb:36:in `call'
  actionpack (3.2.8) lib/action_dispatch/routing/mapper.rb:42:in `call'
  journey (1.0.4) lib/journey/router.rb:68:in `block in call'
  journey (1.0.4) lib/journey/router.rb:56:in `each'
  journey (1.0.4) lib/journey/router.rb:56:in `call'
  actionpack (3.2.8) lib/action_dispatch/routing/route_set.rb:600:in `call'
  warden (1.2.1) lib/warden/manager.rb:35:in `block in call'
  warden (1.2.1) lib/warden/manager.rb:34:in `catch'
  warden (1.2.1) lib/warden/manager.rb:34:in `call'
  actionpack (3.2.8) lib/action_dispatch/middleware/best_standards_support.rb:17:in `call'
  rack (1.4.5) lib/rack/etag.rb:23:in `call'
  rack (1.4.5) lib/rack/conditionalget.rb:25:in `call'
  actionpack (3.2.8) lib/action_dispatch/middleware/head.rb:14:in `call'
  actionpack (3.2.8) lib/action_dispatch/middleware/params_parser.rb:21:in `call'
  actionpack (3.2.8) lib/action_dispatch/middleware/flash.rb:242:in `call'
  rack (1.4.5) lib/rack/session/abstract/id.rb:210:in `context'
  rack (1.4.5) lib/rack/session/abstract/id.rb:205:in `call'
  actionpack (3.2.8) lib/action_dispatch/middleware/cookies.rb:339:in `call'
  activerecord (3.2.8) lib/active_record/query_cache.rb:64:in `call'
  activerecord (3.2.8) lib/active_record/connection_adapters/abstract/connection_pool.rb:473:in `call'
  actionpack (3.2.8) lib/action_dispatch/middleware/callbacks.rb:28:in `block in call'
  activesupport (3.2.8) lib/active_support/callbacks.rb:405:in `_run__1234651978990266754__call__1306456597603535590__callbacks'
  activesupport (3.2.8) lib/active_support/callbacks.rb:405:in `__run_callback'
  activesupport (3.2.8) lib/active_support/callbacks.rb:385:in `_run_call_callbacks'
  activesupport (3.2.8) lib/active_support/callbacks.rb:81:in `run_callbacks'
  actionpack (3.2.8) lib/action_dispatch/middleware/callbacks.rb:27:in `call'
  actionpack (3.2.8) lib/action_dispatch/middleware/reloader.rb:65:in `call'
  actionpack (3.2.8) lib/action_dispatch/middleware/remote_ip.rb:31:in `call'
  actionpack (3.2.8) lib/action_dispatch/middleware/debug_exceptions.rb:16:in `call'
  actionpack (3.2.8) lib/action_dispatch/middleware/show_exceptions.rb:56:in `call'
  railties (3.2.8) lib/rails/rack/logger.rb:26:in `call_app'
  railties (3.2.8) lib/rails/rack/logger.rb:16:in `call'
  actionpack (3.2.8) lib/action_dispatch/middleware/request_id.rb:22:in `call'
  rack (1.4.5) lib/rack/methodoverride.rb:21:in `call'
  rack (1.4.5) lib/rack/runtime.rb:17:in `call'
  activesupport (3.2.8) lib/active_support/cache/strategy/local_cache.rb:72:in `call'
  rack (1.4.5) lib/rack/lock.rb:15:in `call'
  actionpack (3.2.8) lib/action_dispatch/middleware/static.rb:62:in `call'
  railties (3.2.8) lib/rails/engine.rb:479:in `call'
  railties (3.2.8) lib/rails/application.rb:223:in `call'
  railties (3.2.8) lib/rails/railtie/configurable.rb:30:in `method_missing'
  /Users/lguaperrimo/Library/Application Support/Pow/Versions/0.4.1/node_modules/nack/lib/nack/server.rb:145:in `handle'
  /Users/lguaperrimo/Library/Application Support/Pow/Versions/0.4.1/node_modules/nack/lib/nack/server.rb:99:in `rescue in block (2 levels) in start'
  /Users/lguaperrimo/Library/Application Support/Pow/Versions/0.4.1/node_modules/nack/lib/nack/server.rb:96:in `block (2 levels) in start'
  /Users/lguaperrimo/Library/Application Support/Pow/Versions/0.4.1/node_modules/nack/lib/nack/server.rb:86:in `each'
  /Users/lguaperrimo/Library/Application Support/Pow/Versions/0.4.1/node_modules/nack/lib/nack/server.rb:86:in `block in start'
  /Users/lguaperrimo/Library/Application Support/Pow/Versions/0.4.1/node_modules/nack/lib/nack/server.rb:66:in `loop'
  /Users/lguaperrimo/Library/Application Support/Pow/Versions/0.4.1/node_modules/nack/lib/nack/server.rb:66:in `start'
  /Users/lguaperrimo/Library/Application Support/Pow/Versions/0.4.1/node_modules/nack/lib/nack/server.rb:13:in `run'
  /Users/lguaperrimo/Library/Application Support/Pow/Versions/0.4.1/node_modules/nack/bin/nack_worker:4:in `<main>'


  Rendered /Users/lguaperrimo/.rvm/gems/ruby-1.9.2-p290/gems/actionpack-3.2.8/lib/action_dispatch/middleware/templates/rescues/_trace.erb (1.0ms)
  Rendered /Users/lguaperrimo/.rvm/gems/ruby-1.9.2-p290/gems/actionpack-3.2.8/lib/action_dispatch/middleware/templates/rescues/_request_and_response.erb (0.9ms)
  Rendered /Users/lguaperrimo/.rvm/gems/ruby-1.9.2-p290/gems/actionpack-3.2.8/lib/action_dispatch/middleware/templates/rescues/diagnostics.erb within rescues/layout (7.1ms)
